2021-05-13 17:34:10,161 [Worker-3: Loading available Gradle versions] INFO  o.e.b.c.i.u.g.PublishedGradleVersions - Gradle version information cache is not available. Remote download required.
2021-05-14 09:14:28,447 [Worker-0: Loading available Gradle versions] INFO  o.e.b.c.i.u.g.PublishedGradleVersions - Gradle version information cache is up-to-date. Trying to read.
2021-05-14 09:21:06,208 [Worker-0: Loading available Gradle versions] INFO  o.e.b.c.i.u.g.PublishedGradleVersions - Gradle version information cache is up-to-date. Trying to read.
2021-05-20 15:26:21,524 [Worker-8: Loading available Gradle versions] INFO  o.e.b.c.i.u.g.PublishedGradleVersions - Gradle version information cache is out-of-date. Trying to update.
2021-05-21 12:54:01,008 [Worker-5: Loading available Gradle versions] INFO  o.e.b.c.i.u.g.PublishedGradleVersions - Gradle version information cache is up-to-date. Trying to read.
2021-05-21 12:56:10,037 [Worker-0: Loading available Gradle versions] INFO  o.e.b.c.i.u.g.PublishedGradleVersions - Gradle version information cache is up-to-date. Trying to read.
2021-05-21 13:03:01,148 [Start Help Server] INFO  org.eclipse.jetty.util.log - Logging initialized @450236ms to org.eclipse.jetty.util.log.Slf4jLog
2021-05-21 13:03:01,581 [Start Help Server] INFO  org.eclipse.jetty.server.Server - jetty-9.4.37.v20210219; built: 2021-02-23T06:49:41.320Z; git: 27afab2bd37780d179836e313e0fe11bc4fa0ce9; jvm 15.0.2+7-27
2021-05-21 13:03:01,607 [Start Help Server] INFO  org.eclipse.jetty.server.session - DefaultSessionIdManager workerName=node0
2021-05-21 13:03:01,608 [Start Help Server] INFO  org.eclipse.jetty.server.session - No SessionScavenger set, using defaults
2021-05-21 13:03:01,610 [Start Help Server] INFO  org.eclipse.jetty.server.session - node0 Scavenging every 600000ms
2021-05-21 13:03:01,764 [Start Help Server] INFO  o.e.j.server.handler.ContextHandler - Started o.e.j.s.ServletContextHandler@58a11d15{/help,null,AVAILABLE}
2021-05-21 13:03:01,797 [Start Help Server] INFO  o.e.jetty.server.AbstractConnector - Started ServerConnector@39f7ed53{HTTP/1.1, (http/1.1)}{127.0.0.1:50820}
2021-05-21 13:03:01,798 [Start Help Server] INFO  org.eclipse.jetty.server.Server - Started @450906ms
2021-05-21 13:03:01,799 [Start Help Server] INFO  org.eclipse.jetty.server.session - node0 Scavenging every 660000ms
2021-05-21 13:08:13,069 [Stop Help Server] INFO  o.e.jetty.server.AbstractConnector - Stopped ServerConnector@39f7ed53{HTTP/1.1, (http/1.1)}{127.0.0.1:0}
2021-05-21 13:08:13,069 [Stop Help Server] INFO  org.eclipse.jetty.server.session - node0 Stopped scavenging
2021-05-21 13:08:13,087 [Stop Help Server] INFO  o.e.j.server.handler.ContextHandler - Stopped o.e.j.s.ServletContextHandler@58a11d15{/help,null,STOPPED}
2021-05-21 13:13:05,138 [Worker-13: Loading available Gradle versions] INFO  o.e.b.c.i.u.g.PublishedGradleVersions - Gradle version information cache is up-to-date. Trying to read.
2021-05-23 13:32:42,201 [Worker-2: Loading available Gradle versions] INFO  o.e.b.c.i.u.g.PublishedGradleVersions - Gradle version information cache is out-of-date. Trying to update.
